Using pre-set license
Built from '2022.3/staging' branch; Version is '2022.3.28f1 (6bae5ce6b222) revision 7056988'; Using compiler version '192829333'; Build Type 'Release'
OS: 'Windows 11  (10.0.22631) 64bit Core' Language: 'en' Physical Memory: 16051 MB
BatchMode: 1, IsHumanControllingUs: 0, StartBugReporterOnCrash: 0, Is64bit: 1, IsPro: 1

COMMAND LINE ARGUMENTS:
C:\Program Files\Unity\Hub\Editor\2022.3.28f1\Editor\Unity.exe
-adb2
-batchMode
-noUpm
-name
AssetImportWorker15
-projectPath
C:/Users/jjwr2/OneDrive/Desktop/2d platformer
-logFile
Logs/AssetImportWorker15.log
-srvPort
55213
Successfully changed project path to: C:/Users/jjwr2/OneDrive/Desktop/2d platformer
C:/Users/jjwr2/OneDrive/Desktop/2d platformer
[UnityMemory] Configuration Parameters - Can be set up in boot.config
    "memorysetup-bucket-allocator-granularity=16"
    "memorysetup-bucket-allocator-bucket-count=8"
    "memorysetup-bucket-allocator-block-size=33554432"
    "memorysetup-bucket-allocator-block-count=8"
    "memorysetup-main-allocator-block-size=16777216"
    "memorysetup-thread-allocator-block-size=16777216"
    "memorysetup-gfx-main-allocator-block-size=16777216"
    "memorysetup-gfx-thread-allocator-block-size=16777216"
    "memorysetup-cache-allocator-block-size=4194304"
    "memorysetup-typetree-allocator-block-size=2097152"
    "memorysetup-profiler-bucket-allocator-granularity=16"
    "memorysetup-profiler-bucket-allocator-bucket-count=8"
    "memorysetup-profiler-bucket-allocator-block-size=33554432"
    "memorysetup-profiler-bucket-allocator-block-count=8"
    "memorysetup-profiler-allocator-block-size=16777216"
    "memorysetup-profiler-editor-allocator-block-size=1048576"
    "memorysetup-temp-allocator-size-main=16777216"
    "memorysetup-job-temp-allocator-block-size=2097152"
    "memorysetup-job-temp-allocator-block-size-background=1048576"
    "memorysetup-job-temp-allocator-reduction-small-platforms=262144"
    "memorysetup-allocator-temp-initial-block-size-main=262144"
    "memorysetup-allocator-temp-initial-block-size-worker=262144"
    "memorysetup-temp-allocator-size-background-worker=32768"
    "memorysetup-temp-allocator-size-job-worker=262144"
    "memorysetup-temp-allocator-size-preload-manager=33554432"
    "memorysetup-temp-allocator-size-nav-mesh-worker=65536"
    "memorysetup-temp-allocator-size-audio-worker=65536"
    "memorysetup-temp-allocator-size-cloud-worker=32768"
    "memorysetup-temp-allocator-size-gi-baking-worker=262144"
    "memorysetup-temp-allocator-size-gfx=262144"
Player connection [30184] Host "[IP] 192.168.1.7 [Port] 0 [Flags] 2 [Guid] 875536649 [EditorId] 875536649 [Version] 1048832 [Id] WindowsEditor(7,juzteen) [Debug] 1 [PackageName] WindowsEditor [ProjectName] Editor" joined multi-casting on [225.0.0.222:54997]...

Player connection [30184] Host "[IP] 192.168.1.7 [Port] 0 [Flags] 2 [Guid] 875536649 [EditorId] 875536649 [Version] 1048832 [Id] WindowsEditor(7,juzteen) [Debug] 1 [PackageName] WindowsEditor [ProjectName] Editor" joined alternative multi-casting on [225.0.0.222:34997]...

[Physics::Module] Initialized MultithreadedJobDispatcher with 19 workers.
Refreshing native plugins compatible for Editor in 20.45 ms, found 4 plugins.
Preloading 0 native plugins for Editor in 0.00 ms.
Initialize engine version: 2022.3.28f1 (6bae5ce6b222)
[Subsystems] Discovering subsystems at path C:/Program Files/Unity/Hub/Editor/2022.3.28f1/Editor/Data/Resources/UnitySubsystems
[Subsystems] Discovering subsystems at path C:/Users/jjwr2/OneDrive/Desktop/2d platformer/Assets
GfxDevice: creating device client; threaded=0; jobified=0
Direct3D:
    Version:  Direct3D 11.0 [level 11.1]
    Renderer: NVIDIA GeForce RTX 3060 Laptop GPU (ID=0x2520)
    Vendor:   NVIDIA
    VRAM:     6010 MB
    Driver:   31.0.15.4680
Initialize mono
Mono path[0] = 'C:/Program Files/Unity/Hub/Editor/2022.3.28f1/Editor/Data/Managed'
Mono path[1] = 'C:/Program Files/Unity/Hub/Editor/2022.3.28f1/Editor/Data/MonoBleedingEdge/lib/mono/unityjit-win32'
Mono config path = 'C:/Program Files/Unity/Hub/Editor/2022.3.28f1/Editor/Data/MonoBleedingEdge/etc'
Using monoOptions --debugger-agent=transport=dt_socket,embedding=1,server=y,suspend=n,address=127.0.0.1:56312
Begin MonoManager ReloadAssembly
Registering precompiled unity dll's ...
Register platform support module: C:/Program Files/Unity/Hub/Editor/2022.3.28f1/Editor/Data/PlaybackEngines/WebGLSupport/UnityEditor.WebGL.Extensions.dll
Register platform support module: C:/Program Files/Unity/Hub/Editor/2022.3.28f1/Editor/Data/PlaybackEngines/AndroidPlayer/UnityEditor.Android.Extensions.dll
Register platform support module: C:/Program Files/Unity/Hub/Editor/2022.3.28f1/Editor/Data/PlaybackEngines/iOSSupport/UnityEditor.iOS.Extensions.dll
Register platform support module: C:/Program Files/Unity/Hub/Editor/2022.3.28f1/Editor/Data/PlaybackEngines/WindowsStandaloneSupport/UnityEditor.WindowsStandalone.Extensions.dll
Registered in 0.013128 seconds.
- Loaded All Assemblies, in  0.321 seconds
Native extension for WindowsStandalone target not found
[usbmuxd] Start listen thread
[usbmuxd] Listen thread started
Native extension for iOS target not found
Native extension for Android target not found
Android Extension - Scanning For ADB Devices 352 ms
Native extension for WebGL target not found
Mono: successfully reloaded assembly
- Finished resetting the current domain, in  0.651 seconds
Domain Reload Profiling: 971ms
	BeginReloadAssembly (89ms)
		ExecutionOrderSort (0ms)
		DisableScriptedObjects (0ms)
		BackupInstance (0ms)
		ReleaseScriptingObjects (0ms)
		CreateAndSetChildDomain (1ms)
	RebuildCommonClasses (28ms)
	RebuildNativeTypeToScriptingClass (9ms)
	initialDomainReloadingComplete (55ms)
	LoadAllAssembliesAndSetupDomain (138ms)
		LoadAssemblies (89ms)
		RebuildTransferFunctionScriptingTraits (0ms)
		AnalyzeDomain (135ms)
			TypeCache.Refresh (133ms)
				TypeCache.ScanAssembly (122ms)
			ScanForSourceGeneratedMonoScriptInfo (0ms)
			ResolveRequiredComponents (0ms)
	FinalizeReload (651ms)
		ReleaseScriptCaches (0ms)
		RebuildScriptCaches (0ms)
		SetupLoadedEditorAssemblies (602ms)
			LogAssemblyErrors (0ms)
			InitializePlatformSupportModulesInManaged (462ms)
			SetLoadedEditorAssemblies (3ms)
			RefreshPlugins (0ms)
			BeforeProcessingInitializeOnLoad (2ms)
			ProcessInitializeOnLoadAttributes (97ms)
			ProcessInitializeOnLoadMethodAttributes (39ms)
			AfterProcessingInitializeOnLoad (0ms)
			EditorAssembliesLoaded (0ms)
		ExecutionOrderSort2 (0ms)
		AwakeInstancesAfterBackupRestoration (0ms)
========================================================================
Worker process is ready to serve import requests
Begin MonoManager ReloadAssembly
- Loaded All Assemblies, in  0.628 seconds
Refreshing native plugins compatible for Editor in 4.16 ms, found 4 plugins.
Native extension for WindowsStandalone target not found
Native extension for iOS target not found
Native extension for Android target not found
Native extension for WebGL target not found
Package Manager log level set to [2]
[Package Manager] Server::EnsureServerProcessIsRunning -- launch failed, reason: Unity was launched with the -noUpm command-line argument
[Package Manager] UpmClient::Send -- Unable to send message (not connected to UPM process).
[Package Manager] Cannot connect to Unity Package Manager local server
Mono: successfully reloaded assembly
- Finished resetting the current domain, in  0.596 seconds
Domain Reload Profiling: 1221ms
	BeginReloadAssembly (131ms)
		ExecutionOrderSort (0ms)
		DisableScriptedObjects (4ms)
		BackupInstance (0ms)
		ReleaseScriptingObjects (0ms)
		CreateAndSetChildDomain (17ms)
	RebuildCommonClasses (32ms)
	RebuildNativeTypeToScriptingClass (8ms)
	initialDomainReloadingComplete (37ms)
	LoadAllAssembliesAndSetupDomain (416ms)
		LoadAssemblies (318ms)
		RebuildTransferFunctionScriptingTraits (0ms)
		AnalyzeDomain (182ms)
			TypeCache.Refresh (151ms)
				TypeCache.ScanAssembly (132ms)
			ScanForSourceGeneratedMonoScriptInfo (21ms)
			ResolveRequiredComponents (8ms)
	FinalizeReload (597ms)
		ReleaseScriptCaches (0ms)
		RebuildScriptCaches (0ms)
		SetupLoadedEditorAssemblies (440ms)
			LogAssemblyErrors (0ms)
			InitializePlatformSupportModulesInManaged (35ms)
			SetLoadedEditorAssemblies (4ms)
			RefreshPlugins (0ms)
			BeforeProcessingInitializeOnLoad (69ms)
			ProcessInitializeOnLoadAttributes (261ms)
			ProcessInitializeOnLoadMethodAttributes (65ms)
			AfterProcessingInitializeOnLoad (6ms)
			EditorAssembliesLoaded (0ms)
		ExecutionOrderSort2 (0ms)
		AwakeInstancesAfterBackupRestoration (5ms)
Launched and connected shader compiler UnityShaderCompiler.exe after 0.06 seconds
Refreshing native plugins compatible for Editor in 6.13 ms, found 4 plugins.
Preloading 0 native plugins for Editor in 0.00 ms.
Unloading 5615 Unused Serialized files (Serialized files now loaded: 0)
Unloading 106 unused Assets / (1.3 MB). Loaded Objects now: 6060.
Memory consumption went from 284.3 MB to 282.9 MB.
Total: 4.301600 ms (FindLiveObjects: 0.317800 ms CreateObjectMapping: 0.204300 ms MarkObjects: 3.279200 ms  DeleteObjects: 0.499300 ms)

AssetImportParameters requested are different than current active one (requested -> active):
  custom:container-demuxer-ogg: 62fdf1f143b41e24485cea50d1cbac27 -> 
  custom:video-codec-MediaFoundation-h265: 746d11721c4dcdbdad8f713fa42b33f4 -> 
  custom:video-decoder-ogg-theora: a1e56fd34408186e4bbccfd4996cb3dc -> 
  custom:framework-win-MediaFoundation: 216162199b28c13a410421893ffa2e32 -> 
  custom:CustomObjectIndexerAttribute: 72b91833f83ae208fae7752999fa3104 -> 
  custom:container-demuxer-webm: 4f35f7cbe854078d1ac9338744f61a02 -> 
  custom:container-muxer-webm: aa71ff27fc2769a1b78a27578f13a17b -> 
  custom:video-decoder-webm-vp8: 9c59270c3fd7afecdb556c50c9e8de78 -> 
  custom:SearchIndexIgnoredProperties: e643bd26f0fe6173181afceb89e7c659 -> 
  custom:AudioImporter_EditorPlatform: d09bf68614088b80899f8185d706f6e7 -> 
  custom:video-encoder-webm-vp8: eb34c28f22e8b96e1ab97ce403110664 -> 
  custom:audio-decoder-ogg-vorbis: bf7c407c2cedff20999df2af8eb42d56 -> 
  custom:audio-encoder-webm-vorbis: bf7c407c2cedff20999df2af8eb42d56 -> 
========================================================================
Received Import Request.
  Time since last request: 228547.671646 seconds.
  path: Assets/Sprites (images)/Coin
  artifactKey: Guid(855491b4b391884408a2f85c25751803) Importer(815301076,1909f56bfc062723c751e8b465ee728b)
Start importing Assets/Sprites (images)/Coin using Guid(855491b4b391884408a2f85c25751803) Importer(815301076,1909f56bfc062723c751e8b465ee728b)  -> (artifact id: 'a7c281b485525ffae0b72be2c0af3f59') in 0.004020 seconds
Number of updated asset objects reloaded before import = 0
Number of asset objects unloaded after import = 0
========================================================================
Received Import Request.
  Time since last request: 49.026491 seconds.
  path: Assets/Sprites (images)/BayatGames/Free Platform Game Assets/Tiles/2.5D Tiles/Winter ( Update 1.9 )/128x128/Grass.png
  artifactKey: Guid(440b176a7fc912c4fbfd6cd849c40e71) Importer(815301076,1909f56bfc062723c751e8b465ee728b)
Start importing Assets/Sprites (images)/BayatGames/Free Platform Game Assets/Tiles/2.5D Tiles/Winter ( Update 1.9 )/128x128/Grass.png using Guid(440b176a7fc912c4fbfd6cd849c40e71) Importer(815301076,1909f56bfc062723c751e8b465ee728b)  -> (artifact id: '3f702a7468649bd960d6ac8b79332e82') in 0.115117 seconds
Number of updated asset objects reloaded before import = 0
Number of asset objects unloaded after import = 3
========================================================================
Received Import Request.
  Time since last request: 0.000036 seconds.
  path: Assets/Sprites (images)/BayatGames/Free Platform Game Assets/Tiles/2.5D Tiles/Winter ( Update 1.9 )/128x128/HillLeft.png
  artifactKey: Guid(cf61be4bea5638e48ba95b8d08cd9572) Importer(815301076,1909f56bfc062723c751e8b465ee728b)
Start importing Assets/Sprites (images)/BayatGames/Free Platform Game Assets/Tiles/2.5D Tiles/Winter ( Update 1.9 )/128x128/HillLeft.png using Guid(cf61be4bea5638e48ba95b8d08cd9572) Importer(815301076,1909f56bfc062723c751e8b465ee728b)  -> (artifact id: 'dfc65437207e842717dc8d2ab5232eaa') in 0.024185 seconds
Number of updated asset objects reloaded before import = 0
Number of asset objects unloaded after import = 3
========================================================================
Received Import Request.
  Time since last request: 0.000023 seconds.
  path: Assets/Sprites (images)/BayatGames/Free Platform Game Assets/Tiles/2.5D Tiles/Winter ( Update 1.9 )/128x128/GrassJoinHillLeft&Right.png
  artifactKey: Guid(0a4e7b9574ef55d4fb4fe4b71ea62e1c) Importer(815301076,1909f56bfc062723c751e8b465ee728b)
Start importing Assets/Sprites (images)/BayatGames/Free Platform Game Assets/Tiles/2.5D Tiles/Winter ( Update 1.9 )/128x128/GrassJoinHillLeft&Right.png using Guid(0a4e7b9574ef55d4fb4fe4b71ea62e1c) Importer(815301076,1909f56bfc062723c751e8b465ee728b)  -> (artifact id: '16fc1201cf671d946e366ff780c2b634') in 0.024089 seconds
Number of updated asset objects reloaded before import = 0
Number of asset objects unloaded after import = 3
========================================================================
Received Import Request.
  Time since last request: 0.000019 seconds.
  path: Assets/Sprites (images)/BayatGames/Free Platform Game Assets/Tiles/2.5D Tiles/Winter ( Update 1.9 )/128x128/GrassLeft.png
  artifactKey: Guid(7fe93ef8db9277740965c7af72855e9b) Importer(815301076,1909f56bfc062723c751e8b465ee728b)
Start importing Assets/Sprites (images)/BayatGames/Free Platform Game Assets/Tiles/2.5D Tiles/Winter ( Update 1.9 )/128x128/GrassLeft.png using Guid(7fe93ef8db9277740965c7af72855e9b) Importer(815301076,1909f56bfc062723c751e8b465ee728b)  -> (artifact id: 'd3f3acfe06c8fe3efbd5119ab4a1d9bd') in 0.023667 seconds
Number of updated asset objects reloaded before import = 0
Number of asset objects unloaded after import = 3
========================================================================
Received Import Request.
  Time since last request: 0.000044 seconds.
  path: Assets/Sprites (images)/BayatGames/Free Platform Game Assets/Tiles/2.5D Tiles/Winter ( Update 1.9 )/128x128/HillRight.png
  artifactKey: Guid(1bf53f8133945ae42afe35385c083ba7) Importer(815301076,1909f56bfc062723c751e8b465ee728b)
Start importing Assets/Sprites (images)/BayatGames/Free Platform Game Assets/Tiles/2.5D Tiles/Winter ( Update 1.9 )/128x128/HillRight.png using Guid(1bf53f8133945ae42afe35385c083ba7) Importer(815301076,1909f56bfc062723c751e8b465ee728b)  -> (artifact id: 'c6785c8f24090af96e21cc57170646b9') in 0.022750 seconds
Number of updated asset objects reloaded before import = 0
Number of asset objects unloaded after import = 3
========================================================================
Received Import Request.
  Time since last request: 0.000086 seconds.
  path: Assets/Sprites (images)/BayatGames/Free Platform Game Assets/Tiles/2.5D Tiles/Winter ( Update 1.9 )/128x128/GrassJoinHillLeft2&Right2 WithDropShadow.png
  artifactKey: Guid(b8b7d3bd8bf3d6f4d90bb3e9bcc09586) Importer(815301076,1909f56bfc062723c751e8b465ee728b)
Start importing Assets/Sprites (images)/BayatGames/Free Platform Game Assets/Tiles/2.5D Tiles/Winter ( Update 1.9 )/128x128/GrassJoinHillLeft2&Right2 WithDropShadow.png using Guid(b8b7d3bd8bf3d6f4d90bb3e9bcc09586) Importer(815301076,1909f56bfc062723c751e8b465ee728b)  -> (artifact id: 'b956c7efccb8e5b94699cc05e2e32dd9') in 0.019810 seconds
Number of updated asset objects reloaded before import = 0
Number of asset objects unloaded after import = 3
========================================================================
Received Import Request.
  Time since last request: 0.000018 seconds.
  path: Assets/Sprites (images)/BayatGames/Free Platform Game Assets/Tiles/2.5D Tiles/Winter ( Update 1.9 )/128x128/GrassCliffRight.png
  artifactKey: Guid(8b9650305e22ac2429b8e7433ec1f4d1) Importer(815301076,1909f56bfc062723c751e8b465ee728b)
Start importing Assets/Sprites (images)/BayatGames/Free Platform Game Assets/Tiles/2.5D Tiles/Winter ( Update 1.9 )/128x128/GrassCliffRight.png using Guid(8b9650305e22ac2429b8e7433ec1f4d1) Importer(815301076,1909f56bfc062723c751e8b465ee728b)  -> (artifact id: '0c346ca4a8ec0e3491237f0cb3b0798e') in 0.020972 seconds
Number of updated asset objects reloaded before import = 0
Number of asset objects unloaded after import = 3
========================================================================
Received Import Request.
  Time since last request: 0.000016 seconds.
  path: Assets/Sprites (images)/BayatGames/Free Platform Game Assets/Tiles/2.5D Tiles/Winter ( Update 1.9 )/128x128/GrassJoinHillLeft2.png
  artifactKey: Guid(347a2f0405135664e94a144f2314dfac) Importer(815301076,1909f56bfc062723c751e8b465ee728b)
Start importing Assets/Sprites (images)/BayatGames/Free Platform Game Assets/Tiles/2.5D Tiles/Winter ( Update 1.9 )/128x128/GrassJoinHillLeft2.png using Guid(347a2f0405135664e94a144f2314dfac) Importer(815301076,1909f56bfc062723c751e8b465ee728b)  -> (artifact id: '720e651c687ee208f107a781f59a3f37') in 0.019287 seconds
Number of updated asset objects reloaded before import = 0
Number of asset objects unloaded after import = 3
========================================================================
Received Import Request.
  Time since last request: 0.000018 seconds.
  path: Assets/Sprites (images)/BayatGames/Free Platform Game Assets/Tiles/2.5D Tiles/Winter ( Update 1.9 )/128x128/GrassJoinHillRight2&left2.png
  artifactKey: Guid(13bb0912d29a7164381acdc3b5bd4670) Importer(815301076,1909f56bfc062723c751e8b465ee728b)
Start importing Assets/Sprites (images)/BayatGames/Free Platform Game Assets/Tiles/2.5D Tiles/Winter ( Update 1.9 )/128x128/GrassJoinHillRight2&left2.png using Guid(13bb0912d29a7164381acdc3b5bd4670) Importer(815301076,1909f56bfc062723c751e8b465ee728b)  -> (artifact id: 'b5a5ab1d31d513e0cb2ad1eb4fe81db8') in 0.020163 seconds
Number of updated asset objects reloaded before import = 0
Number of asset objects unloaded after import = 3
========================================================================
Received Import Request.
  Time since last request: 0.000026 seconds.
  path: Assets/Sprites (images)/BayatGames/Free Platform Game Assets/Tiles/2.5D Tiles/Winter ( Update 1.9 )/128x128/HillRight2 WithDropShadow.png
  artifactKey: Guid(15502f389c95ff54ca193f4aa6054029) Importer(815301076,1909f56bfc062723c751e8b465ee728b)
Start importing Assets/Sprites (images)/BayatGames/Free Platform Game Assets/Tiles/2.5D Tiles/Winter ( Update 1.9 )/128x128/HillRight2 WithDropShadow.png using Guid(15502f389c95ff54ca193f4aa6054029) Importer(815301076,1909f56bfc062723c751e8b465ee728b)  -> (artifact id: '83c2aa94a8b6ec9e8d4bf33d567428f1') in 0.017213 seconds
Number of updated asset objects reloaded before import = 0
Number of asset objects unloaded after import = 3
========================================================================
Received Import Request.
  Time since last request: 0.000023 seconds.
  path: Assets/Sprites (images)/BayatGames/Free Platform Game Assets/Tiles/2.5D Tiles/Winter ( Update 1.9 )/128x128/GrassJoinHillRight.png
  artifactKey: Guid(c1b9ee380c365e04e87bd619f0d68bee) Importer(815301076,1909f56bfc062723c751e8b465ee728b)
Start importing Assets/Sprites (images)/BayatGames/Free Platform Game Assets/Tiles/2.5D Tiles/Winter ( Update 1.9 )/128x128/GrassJoinHillRight.png using Guid(c1b9ee380c365e04e87bd619f0d68bee) Importer(815301076,1909f56bfc062723c751e8b465ee728b)  -> (artifact id: 'b0d0991cb049dc5c4ef5fd22b4be3f04') in 0.018387 seconds
Number of updated asset objects reloaded before import = 0
Number of asset objects unloaded after import = 3
========================================================================
Received Import Request.
  Time since last request: 14.085936 seconds.
  path: Assets/Sprites (images)/Pixel Adventure 1/Assets/Items/Checkpoints/End/End (Idle).png
  artifactKey: Guid(4668f08864533f24b9b5980d5cc57089) Importer(815301076,1909f56bfc062723c751e8b465ee728b)
Start importing Assets/Sprites (images)/Pixel Adventure 1/Assets/Items/Checkpoints/End/End (Idle).png using Guid(4668f08864533f24b9b5980d5cc57089) Importer(815301076,1909f56bfc062723c751e8b465ee728b)  -> (artifact id: 'f402888894ecf3c6360f50a0c2bf9e86') in 0.023391 seconds
Number of updated asset objects reloaded before import = 0
Number of asset objects unloaded after import = 3
========================================================================
Received Import Request.
  Time since last request: 0.719361 seconds.
  path: Assets/Sprites (images)/Pixel Adventure 1/Assets/Items/Checkpoints/Start/Start (Idle).png
  artifactKey: Guid(3016a57ecc98e9e46b7a110ddd486ee9) Importer(815301076,1909f56bfc062723c751e8b465ee728b)
Start importing Assets/Sprites (images)/Pixel Adventure 1/Assets/Items/Checkpoints/Start/Start (Idle).png using Guid(3016a57ecc98e9e46b7a110ddd486ee9) Importer(815301076,1909f56bfc062723c751e8b465ee728b)  -> (artifact id: 'd63a899fd22b5714773ba136c0f45b42') in 0.023130 seconds
Number of updated asset objects reloaded before import = 0
Number of asset objects unloaded after import = 3
========================================================================
Received Prepare
Begin MonoManager ReloadAssembly
- Loaded All Assemblies, in  0.478 seconds
Refreshing native plugins compatible for Editor in 4.94 ms, found 4 plugins.
Native extension for WindowsStandalone target not found
Native extension for iOS target not found
Native extension for Android target not found
Native extension for WebGL target not found
[Package Manager] Server::EnsureServerProcessIsRunning -- launch failed, reason: Unity was launched with the -noUpm command-line argument
[Package Manager] UpmClient::Send -- Unable to send message (not connected to UPM process).
[Package Manager] Cannot connect to Unity Package Manager local server
Mono: successfully reloaded assembly
- Finished resetting the current domain, in  1.342 seconds
Domain Reload Profiling: 1815ms
	BeginReloadAssembly (154ms)
		ExecutionOrderSort (0ms)
		DisableScriptedObjects (8ms)
		BackupInstance (0ms)
		ReleaseScriptingObjects (0ms)
		CreateAndSetChildDomain (39ms)
	RebuildCommonClasses (25ms)
	RebuildNativeTypeToScriptingClass (8ms)
	initialDomainReloadingComplete (29ms)
	LoadAllAssembliesAndSetupDomain (257ms)
		LoadAssemblies (309ms)
		RebuildTransferFunctionScriptingTraits (0ms)
		AnalyzeDomain (19ms)
			TypeCache.Refresh (6ms)
				TypeCache.ScanAssembly (0ms)
			ScanForSourceGeneratedMonoScriptInfo (0ms)
			ResolveRequiredComponents (12ms)
	FinalizeReload (1342ms)
		ReleaseScriptCaches (0ms)
		RebuildScriptCaches (0ms)
		SetupLoadedEditorAssemblies (522ms)
			LogAssemblyErrors (0ms)
			InitializePlatformSupportModulesInManaged (46ms)
			SetLoadedEditorAssemblies (6ms)
			RefreshPlugins (0ms)
			BeforeProcessingInitializeOnLoad (89ms)
			ProcessInitializeOnLoadAttributes (297ms)
			ProcessInitializeOnLoadMethodAttributes (77ms)
			AfterProcessingInitializeOnLoad (7ms)
			EditorAssembliesLoaded (0ms)
		ExecutionOrderSort2 (0ms)
		AwakeInstancesAfterBackupRestoration (14ms)
Refreshing native plugins compatible for Editor in 6.70 ms, found 4 plugins.
Preloading 0 native plugins for Editor in 0.00 ms.
Unloading 5542 Unused Serialized files (Serialized files now loaded: 0)
Unloading 69 unused Assets / (1.3 MB). Loaded Objects now: 6072.
Memory consumption went from 266.7 MB to 265.4 MB.
Total: 3.638700 ms (FindLiveObjects: 0.310100 ms CreateObjectMapping: 0.228100 ms MarkObjects: 2.609300 ms  DeleteObjects: 0.490300 ms)

Prepare: number of updated asset objects reloaded= 0
AssetImportParameters requested are different than current active one (requested -> active):
  custom:container-demuxer-ogg: 62fdf1f143b41e24485cea50d1cbac27 -> 
  custom:video-codec-MediaFoundation-h265: 746d11721c4dcdbdad8f713fa42b33f4 -> 
  custom:video-decoder-ogg-theora: a1e56fd34408186e4bbccfd4996cb3dc -> 
  custom:framework-win-MediaFoundation: 216162199b28c13a410421893ffa2e32 -> 
  custom:CustomObjectIndexerAttribute: 72b91833f83ae208fae7752999fa3104 -> 
  custom:container-demuxer-webm: 4f35f7cbe854078d1ac9338744f61a02 -> 
  custom:container-muxer-webm: aa71ff27fc2769a1b78a27578f13a17b -> 
  custom:video-decoder-webm-vp8: 9c59270c3fd7afecdb556c50c9e8de78 -> 
  custom:SearchIndexIgnoredProperties: e643bd26f0fe6173181afceb89e7c659 -> 
  custom:AudioImporter_EditorPlatform: d09bf68614088b80899f8185d706f6e7 -> 
  custom:video-encoder-webm-vp8: eb34c28f22e8b96e1ab97ce403110664 -> 
  custom:audio-decoder-ogg-vorbis: bf7c407c2cedff20999df2af8eb42d56 -> 
  custom:audio-encoder-webm-vorbis: bf7c407c2cedff20999df2af8eb42d56 -> 
========================================================================
Received Prepare
Begin MonoManager ReloadAssembly
- Loaded All Assemblies, in  0.424 seconds
Refreshing native plugins compatible for Editor in 4.32 ms, found 4 plugins.
Native extension for WindowsStandalone target not found
Native extension for iOS target not found
Native extension for Android target not found
Native extension for WebGL target not found
[Package Manager] Server::EnsureServerProcessIsRunning -- launch failed, reason: Unity was launched with the -noUpm command-line argument
[Package Manager] UpmClient::Send -- Unable to send message (not connected to UPM process).
[Package Manager] Cannot connect to Unity Package Manager local server
Mono: successfully reloaded assembly
- Finished resetting the current domain, in  1.369 seconds
Domain Reload Profiling: 1790ms
	BeginReloadAssembly (135ms)
		ExecutionOrderSort (0ms)
		DisableScriptedObjects (8ms)
		BackupInstance (0ms)
		ReleaseScriptingObjects (0ms)
		CreateAndSetChildDomain (34ms)
	RebuildCommonClasses (24ms)
	RebuildNativeTypeToScriptingClass (8ms)
	initialDomainReloadingComplete (25ms)
	LoadAllAssembliesAndSetupDomain (228ms)
		LoadAssemblies (276ms)
		RebuildTransferFunctionScriptingTraits (0ms)
		AnalyzeDomain (17ms)
			TypeCache.Refresh (7ms)
				TypeCache.ScanAssembly (0ms)
			ScanForSourceGeneratedMonoScriptInfo (0ms)
			ResolveRequiredComponents (9ms)
	FinalizeReload (1370ms)
		ReleaseScriptCaches (0ms)
		RebuildScriptCaches (0ms)
		SetupLoadedEditorAssemblies (538ms)
			LogAssemblyErrors (0ms)
			InitializePlatformSupportModulesInManaged (46ms)
			SetLoadedEditorAssemblies (6ms)
			RefreshPlugins (0ms)
			BeforeProcessingInitializeOnLoad (89ms)
			ProcessInitializeOnLoadAttributes (304ms)
			ProcessInitializeOnLoadMethodAttributes (83ms)
			AfterProcessingInitializeOnLoad (10ms)
			EditorAssembliesLoaded (0ms)
		ExecutionOrderSort2 (0ms)
		AwakeInstancesAfterBackupRestoration (12ms)
Refreshing native plugins compatible for Editor in 8.33 ms, found 4 plugins.
Preloading 0 native plugins for Editor in 0.00 ms.
Unloading 5542 Unused Serialized files (Serialized files now loaded: 0)
Unloading 69 unused Assets / (1.3 MB). Loaded Objects now: 6076.
Memory consumption went from 266.7 MB to 265.4 MB.
Total: 4.442400 ms (FindLiveObjects: 0.723100 ms CreateObjectMapping: 0.267400 ms MarkObjects: 2.900600 ms  DeleteObjects: 0.549900 ms)

Prepare: number of updated asset objects reloaded= 0
AssetImportParameters requested are different than current active one (requested -> active):
  custom:container-demuxer-ogg: 62fdf1f143b41e24485cea50d1cbac27 -> 
  custom:video-codec-MediaFoundation-h265: 746d11721c4dcdbdad8f713fa42b33f4 -> 
  custom:video-decoder-ogg-theora: a1e56fd34408186e4bbccfd4996cb3dc -> 
  custom:framework-win-MediaFoundation: 216162199b28c13a410421893ffa2e32 -> 
  custom:CustomObjectIndexerAttribute: 72b91833f83ae208fae7752999fa3104 -> 
  custom:container-demuxer-webm: 4f35f7cbe854078d1ac9338744f61a02 -> 
  custom:container-muxer-webm: aa71ff27fc2769a1b78a27578f13a17b -> 
  custom:video-decoder-webm-vp8: 9c59270c3fd7afecdb556c50c9e8de78 -> 
  custom:SearchIndexIgnoredProperties: e643bd26f0fe6173181afceb89e7c659 -> 
  custom:AudioImporter_EditorPlatform: d09bf68614088b80899f8185d706f6e7 -> 
  custom:video-encoder-webm-vp8: eb34c28f22e8b96e1ab97ce403110664 -> 
  custom:audio-decoder-ogg-vorbis: bf7c407c2cedff20999df2af8eb42d56 -> 
  custom:audio-encoder-webm-vorbis: bf7c407c2cedff20999df2af8eb42d56 -> 
========================================================================
Received Prepare
Begin MonoManager ReloadAssembly
- Loaded All Assemblies, in  0.443 seconds
Refreshing native plugins compatible for Editor in 4.12 ms, found 4 plugins.
Native extension for WindowsStandalone target not found
Native extension for iOS target not found
Native extension for Android target not found
Native extension for WebGL target not found
[Package Manager] Server::EnsureServerProcessIsRunning -- launch failed, reason: Unity was launched with the -noUpm command-line argument
[Package Manager] UpmClient::Send -- Unable to send message (not connected to UPM process).
[Package Manager] Cannot connect to Unity Package Manager local server
Mono: successfully reloaded assembly
- Finished resetting the current domain, in  1.439 seconds
Domain Reload Profiling: 1878ms
	BeginReloadAssembly (134ms)
		ExecutionOrderSort (0ms)
		DisableScriptedObjects (8ms)
		BackupInstance (0ms)
		ReleaseScriptingObjects (0ms)
		CreateAndSetChildDomain (31ms)
	RebuildCommonClasses (24ms)
	RebuildNativeTypeToScriptingClass (8ms)
	initialDomainReloadingComplete (24ms)
	LoadAllAssembliesAndSetupDomain (248ms)
		LoadAssemblies (302ms)
		RebuildTransferFunctionScriptingTraits (0ms)
		AnalyzeDomain (15ms)
			TypeCache.Refresh (5ms)
				TypeCache.ScanAssembly (0ms)
			ScanForSourceGeneratedMonoScriptInfo (0ms)
			ResolveRequiredComponents (8ms)
	FinalizeReload (1440ms)
		ReleaseScriptCaches (0ms)
		RebuildScriptCaches (0ms)
		SetupLoadedEditorAssemblies (505ms)
			LogAssemblyErrors (0ms)
			InitializePlatformSupportModulesInManaged (41ms)
			SetLoadedEditorAssemblies (6ms)
			RefreshPlugins (0ms)
			BeforeProcessingInitializeOnLoad (94ms)
			ProcessInitializeOnLoadAttributes (281ms)
			ProcessInitializeOnLoadMethodAttributes (76ms)
			AfterProcessingInitializeOnLoad (7ms)
			EditorAssembliesLoaded (0ms)
		ExecutionOrderSort2 (0ms)
		AwakeInstancesAfterBackupRestoration (15ms)
Refreshing native plugins compatible for Editor in 4.66 ms, found 4 plugins.
Preloading 0 native plugins for Editor in 0.00 ms.
Unloading 5542 Unused Serialized files (Serialized files now loaded: 0)
Unloading 69 unused Assets / (1.3 MB). Loaded Objects now: 6080.
Memory consumption went from 266.7 MB to 265.4 MB.
Total: 4.227700 ms (FindLiveObjects: 0.488900 ms CreateObjectMapping: 0.217400 ms MarkObjects: 2.763500 ms  DeleteObjects: 0.756400 ms)

Prepare: number of updated asset objects reloaded= 0
AssetImportParameters requested are different than current active one (requested -> active):
  custom:container-demuxer-ogg: 62fdf1f143b41e24485cea50d1cbac27 -> 
  custom:video-codec-MediaFoundation-h265: 746d11721c4dcdbdad8f713fa42b33f4 -> 
  custom:video-decoder-ogg-theora: a1e56fd34408186e4bbccfd4996cb3dc -> 
  custom:framework-win-MediaFoundation: 216162199b28c13a410421893ffa2e32 -> 
  custom:CustomObjectIndexerAttribute: 72b91833f83ae208fae7752999fa3104 -> 
  custom:container-demuxer-webm: 4f35f7cbe854078d1ac9338744f61a02 -> 
  custom:container-muxer-webm: aa71ff27fc2769a1b78a27578f13a17b -> 
  custom:video-decoder-webm-vp8: 9c59270c3fd7afecdb556c50c9e8de78 -> 
  custom:SearchIndexIgnoredProperties: e643bd26f0fe6173181afceb89e7c659 -> 
  custom:AudioImporter_EditorPlatform: d09bf68614088b80899f8185d706f6e7 -> 
  custom:video-encoder-webm-vp8: eb34c28f22e8b96e1ab97ce403110664 -> 
  custom:audio-decoder-ogg-vorbis: bf7c407c2cedff20999df2af8eb42d56 -> 
  custom:audio-encoder-webm-vorbis: bf7c407c2cedff20999df2af8eb42d56 -> 
========================================================================
Received Import Request.
  Time since last request: 212.398179 seconds.
  path: Assets/Sprites (images)/Pixel Adventure 1/Assets/Items/Checkpoints/Checkpoint/Flag Animation.anim
  artifactKey: Guid(fd8aeed9c362417489317330eff08a12) Importer(815301076,1909f56bfc062723c751e8b465ee728b)
Start importing Assets/Sprites (images)/Pixel Adventure 1/Assets/Items/Checkpoints/Checkpoint/Flag Animation.anim using Guid(fd8aeed9c362417489317330eff08a12) Importer(815301076,1909f56bfc062723c751e8b465ee728b)  -> (artifact id: '537ab688d284ffd8096a603623a9a712') in 0.008829 seconds
Number of updated asset objects reloaded before import = 0
Number of asset objects unloaded after import = 1
========================================================================
Received Import Request.
  Time since last request: 0.929168 seconds.
  path: Assets/Sprites (images)/Pixel Adventure 1/Assets/Items/Checkpoints/Checkpoint/Checkpoint (Flag Idle)(64x64)_0.controller
  artifactKey: Guid(4860874c2799ad44eaa7c5793630a1a1) Importer(815301076,1909f56bfc062723c751e8b465ee728b)
Start importing Assets/Sprites (images)/Pixel Adventure 1/Assets/Items/Checkpoints/Checkpoint/Checkpoint (Flag Idle)(64x64)_0.controller using Guid(4860874c2799ad44eaa7c5793630a1a1) Importer(815301076,1909f56bfc062723c751e8b465ee728b)  -> (artifact id: 'd1441999de9b22d1ac06f9ca67723d0e') in 0.002510 seconds
Number of updated asset objects reloaded before import = 0
Number of asset objects unloaded after import = 1
========================================================================
Received Import Request.
  Time since last request: 67.582038 seconds.
  path: Assets/Animations/Flag
  artifactKey: Guid(836275965e86eac429b80b468012a15f) Importer(815301076,1909f56bfc062723c751e8b465ee728b)
Start importing Assets/Animations/Flag using Guid(836275965e86eac429b80b468012a15f) Importer(815301076,1909f56bfc062723c751e8b465ee728b)  -> (artifact id: '2239c45a2d0676523f6d42e523ee992f') in 0.000892 seconds
Number of updated asset objects reloaded before import = 0
Number of asset objects unloaded after import = 0
========================================================================
Received Import Request.
  Time since last request: 1.479305 seconds.
  path: Assets/Animations/Flag/Checkpoint (Flag Idle)(64x64)_0.controller
  artifactKey: Guid(4860874c2799ad44eaa7c5793630a1a1) Importer(815301076,1909f56bfc062723c751e8b465ee728b)
Start importing Assets/Animations/Flag/Checkpoint (Flag Idle)(64x64)_0.controller using Guid(4860874c2799ad44eaa7c5793630a1a1) Importer(815301076,1909f56bfc062723c751e8b465ee728b)  -> (artifact id: '2853da366ac94f6971333e65034318ed') in 0.002088 seconds
Number of updated asset objects reloaded before import = 0
Number of asset objects unloaded after import = 4
========================================================================
Received Import Request.
  Time since last request: 61.001964 seconds.
  path: Assets/Sprites (images)/Pixel Adventure 1/Assets/Items/Checkpoints/Checkpoint
  artifactKey: Guid(d0194b0f37632844cbe5f12a0c2f7107) Importer(815301076,1909f56bfc062723c751e8b465ee728b)
Start importing Assets/Sprites (images)/Pixel Adventure 1/Assets/Items/Checkpoints/Checkpoint using Guid(d0194b0f37632844cbe5f12a0c2f7107) Importer(815301076,1909f56bfc062723c751e8b465ee728b)  -> (artifact id: '33a056822d16ea2e6aad5bc35b330de1') in 0.001182 seconds
Number of updated asset objects reloaded before import = 0
Number of asset objects unloaded after import = 0
========================================================================
Received Import Request.
  Time since last request: 13.397514 seconds.
  path: Assets/Sprites (images)/Pixel Adventure 1/Assets/Items/Checkpoints/Start
  artifactKey: Guid(afd2382c3d21e774aa5370bccda11797) Importer(815301076,1909f56bfc062723c751e8b465ee728b)
Start importing Assets/Sprites (images)/Pixel Adventure 1/Assets/Items/Checkpoints/Start using Guid(afd2382c3d21e774aa5370bccda11797) Importer(815301076,1909f56bfc062723c751e8b465ee728b)  -> (artifact id: '21cdd21f0cf852ee290ffba74c493ccc') in 0.000801 seconds
Number of updated asset objects reloaded before import = 0
Number of asset objects unloaded after import = 0
========================================================================
Received Import Request.
  Time since last request: 23.209792 seconds.
  path: Assets/Animations/Flag/Flag Animation.anim
  artifactKey: Guid(fd8aeed9c362417489317330eff08a12) Importer(815301076,1909f56bfc062723c751e8b465ee728b)
Start importing Assets/Animations/Flag/Flag Animation.anim using Guid(fd8aeed9c362417489317330eff08a12) Importer(815301076,1909f56bfc062723c751e8b465ee728b)  -> (artifact id: 'd9486c9fc116edb03c97c299bb424d6d') in 0.001948 seconds
Number of updated asset objects reloaded before import = 0
Number of asset objects unloaded after import = 1
========================================================================
Received Import Request.
  Time since last request: 39.506126 seconds.
  path: Assets/Sprites (images)/Flag
  artifactKey: Guid(8a88f69ec1f6cc84cb757448431b0e22) Importer(815301076,1909f56bfc062723c751e8b465ee728b)
Start importing Assets/Sprites (images)/Flag using Guid(8a88f69ec1f6cc84cb757448431b0e22) Importer(815301076,1909f56bfc062723c751e8b465ee728b)  -> (artifact id: '3481a1ac6599312f256980eb6d02435a') in 0.000724 seconds
Number of updated asset objects reloaded before import = 0
Number of asset objects unloaded after import = 0
========================================================================
Received Import Request.
  Time since last request: 187.605277 seconds.
  path: Assets/Animations/Coin
  artifactKey: Guid(df5963a7bc3895f44b716f47f22d6b1b) Importer(815301076,1909f56bfc062723c751e8b465ee728b)
Start importing Assets/Animations/Coin using Guid(df5963a7bc3895f44b716f47f22d6b1b) Importer(815301076,1909f56bfc062723c751e8b465ee728b)  -> (artifact id: 'edb38210374ad78b702dce3ec0441fcd') in 0.000705 seconds
Number of updated asset objects reloaded before import = 0
Number of asset objects unloaded after import = 0
========================================================================
Received Import Request.
  Time since last request: 20.395102 seconds.
  path: Assets/Sprites (images)/BayatGames/Free Platform Game Assets/Tiles/2D Tiles ( Update 1.9 )
  artifactKey: Guid(f24df406af5b44d4b93237a1564ea376) Importer(815301076,1909f56bfc062723c751e8b465ee728b)
Start importing Assets/Sprites (images)/BayatGames/Free Platform Game Assets/Tiles/2D Tiles ( Update 1.9 ) using Guid(f24df406af5b44d4b93237a1564ea376) Importer(815301076,1909f56bfc062723c751e8b465ee728b)  -> (artifact id: 'ac68199530e76882cc0fb43a3248ec7d') in 0.000741 seconds
Number of updated asset objects reloaded before import = 0
Number of asset objects unloaded after import = 0
========================================================================
Received Import Request.
  Time since last request: 0.156438 seconds.
  path: Assets/Sprites (images)/BayatGames/Free Platform Game Assets/Tiles/2D Tiles ( Update 1.9 )/Spring
  artifactKey: Guid(4d5a8ea2a70ada34e96ea228a8b5f03b) Importer(815301076,1909f56bfc062723c751e8b465ee728b)
Start importing Assets/Sprites (images)/BayatGames/Free Platform Game Assets/Tiles/2D Tiles ( Update 1.9 )/Spring using Guid(4d5a8ea2a70ada34e96ea228a8b5f03b) Importer(815301076,1909f56bfc062723c751e8b465ee728b)  -> (artifact id: '2b2fe4bfdc4cbe4fa14d00ca077660d1') in 0.000785 seconds
Number of updated asset objects reloaded before import = 0
Number of asset objects unloaded after import = 0
========================================================================
Received Import Request.
  Time since last request: 1.158592 seconds.
  path: Assets/Sprites (images)/BayatGames/Free Platform Game Assets/Tiles/2D Tiles ( Update 1.9 )/Winter
  artifactKey: Guid(3ef4fc8d15ae88443adc23afa70eb394) Importer(815301076,1909f56bfc062723c751e8b465ee728b)
Start importing Assets/Sprites (images)/BayatGames/Free Platform Game Assets/Tiles/2D Tiles ( Update 1.9 )/Winter using Guid(3ef4fc8d15ae88443adc23afa70eb394) Importer(815301076,1909f56bfc062723c751e8b465ee728b)  -> (artifact id: '5c9c585a61682d7bb63245a83defa09d') in 0.000834 seconds
Number of updated asset objects reloaded before import = 0
Number of asset objects unloaded after import = 0
========================================================================
Received Import Request.
  Time since last request: 0.952503 seconds.
  path: Assets/Sprites (images)/BayatGames/Free Platform Game Assets/Tiles/2D Tiles ( Update 1.9 )/Winter/256x256
  artifactKey: Guid(6c707e7b424db1546b9f204ecba8845b) Importer(815301076,1909f56bfc062723c751e8b465ee728b)
Start importing Assets/Sprites (images)/BayatGames/Free Platform Game Assets/Tiles/2D Tiles ( Update 1.9 )/Winter/256x256 using Guid(6c707e7b424db1546b9f204ecba8845b) Importer(815301076,1909f56bfc062723c751e8b465ee728b)  -> (artifact id: '2aeae3bc152456a4a935f01de30a5e04') in 0.000854 seconds
Number of updated asset objects reloaded before import = 0
Number of asset objects unloaded after import = 0
========================================================================
Received Import Request.
  Time since last request: 0.616565 seconds.
  path: Assets/Sprites (images)/BayatGames/Free Platform Game Assets/Tiles/2D Tiles ( Update 1.9 )/Winter/128x128
  artifactKey: Guid(1beb80f8bcea5064c8f4d2384cdc667c) Importer(815301076,1909f56bfc062723c751e8b465ee728b)
Start importing Assets/Sprites (images)/BayatGames/Free Platform Game Assets/Tiles/2D Tiles ( Update 1.9 )/Winter/128x128 using Guid(1beb80f8bcea5064c8f4d2384cdc667c) Importer(815301076,1909f56bfc062723c751e8b465ee728b)  -> (artifact id: '6dc7d73d2e76a08f7b4069c6a3438b35') in 0.000820 seconds
Number of updated asset objects reloaded before import = 0
Number of asset objects unloaded after import = 0
========================================================================
Received Import Request.
  Time since last request: 0.052471 seconds.
  path: Assets/Sprites (images)/BayatGames/Free Platform Game Assets/Tiles/2D Tiles ( Update 1.9 )/Winter/128x128/Grass.png
  artifactKey: Guid(aa82648aa0be37c4b85d937285dfcf56) Importer(815301076,1909f56bfc062723c751e8b465ee728b)
Start importing Assets/Sprites (images)/BayatGames/Free Platform Game Assets/Tiles/2D Tiles ( Update 1.9 )/Winter/128x128/Grass.png using Guid(aa82648aa0be37c4b85d937285dfcf56) Importer(815301076,1909f56bfc062723c751e8b465ee728b)  -> (artifact id: '3362a1c6165ac403189da1a89b9e5e99') in 0.073366 seconds
Number of updated asset objects reloaded before import = 0
Number of asset objects unloaded after import = 3
========================================================================
Received Import Request.
  Time since last request: 0.000018 seconds.
  path: Assets/Sprites (images)/BayatGames/Free Platform Game Assets/Tiles/2D Tiles ( Update 1.9 )/Winter/128x128/GrassJoinHillLeft2 DownShadow.png
  artifactKey: Guid(d1bb4b2600d8a05449076b9562788c11) Importer(815301076,1909f56bfc062723c751e8b465ee728b)
Start importing Assets/Sprites (images)/BayatGames/Free Platform Game Assets/Tiles/2D Tiles ( Update 1.9 )/Winter/128x128/GrassJoinHillLeft2 DownShadow.png using Guid(d1bb4b2600d8a05449076b9562788c11) Importer(815301076,1909f56bfc062723c751e8b465ee728b)  -> (artifact id: '215da05744975fea21480b5407156ec0') in 0.025573 seconds
Number of updated asset objects reloaded before import = 0
Number of asset objects unloaded after import = 3
========================================================================
Received Import Request.
  Time since last request: 0.000046 seconds.
  path: Assets/Sprites (images)/BayatGames/Free Platform Game Assets/Tiles/2D Tiles ( Update 1.9 )/Winter/128x128/GrassJoinHillRight2&Left2 DownShadow.png
  artifactKey: Guid(38c42ef76075ec44f904b4d8f1492ca9) Importer(815301076,1909f56bfc062723c751e8b465ee728b)
Start importing Assets/Sprites (images)/BayatGames/Free Platform Game Assets/Tiles/2D Tiles ( Update 1.9 )/Winter/128x128/GrassJoinHillRight2&Left2 DownShadow.png using Guid(38c42ef76075ec44f904b4d8f1492ca9) Importer(815301076,1909f56bfc062723c751e8b465ee728b)  -> (artifact id: '4fa4f73ffbe778853420958d0d8ffb08') in 0.023290 seconds
Number of updated asset objects reloaded before import = 0
Number of asset objects unloaded after import = 3
========================================================================
Received Import Request.
  Time since last request: 0.000017 seconds.
  path: Assets/Sprites (images)/BayatGames/Free Platform Game Assets/Tiles/2D Tiles ( Update 1.9 )/Winter/128x128/GrassJoinHillLeft2.png
  artifactKey: Guid(4eb7d51c6f0dc8d4f816e8f269f2e227) Importer(815301076,1909f56bfc062723c751e8b465ee728b)
Start importing Assets/Sprites (images)/BayatGames/Free Platform Game Assets/Tiles/2D Tiles ( Update 1.9 )/Winter/128x128/GrassJoinHillLeft2.png using Guid(4eb7d51c6f0dc8d4f816e8f269f2e227) Importer(815301076,1909f56bfc062723c751e8b465ee728b)  -> (artifact id: '7d9a248804658a22c01efe24c226ec97') in 0.018940 seconds
Number of updated asset objects reloaded before import = 0
Number of asset objects unloaded after import = 3
========================================================================
Received Import Request.
  Time since last request: 0.000019 seconds.
  path: Assets/Sprites (images)/BayatGames/Free Platform Game Assets/Tiles/2D Tiles ( Update 1.9 )/Winter/128x128/GrassCliffRight.png
  artifactKey: Guid(e2a8735a67725e346a9574fc2f8285f8) Importer(815301076,1909f56bfc062723c751e8b465ee728b)
Start importing Assets/Sprites (images)/BayatGames/Free Platform Game Assets/Tiles/2D Tiles ( Update 1.9 )/Winter/128x128/GrassCliffRight.png using Guid(e2a8735a67725e346a9574fc2f8285f8) Importer(815301076,1909f56bfc062723c751e8b465ee728b)  -> (artifact id: '4ebbee3aa39b8e68120867a36f952ad0') in 0.023065 seconds
Number of updated asset objects reloaded before import = 0
Number of asset objects unloaded after import = 3
========================================================================
Received Import Request.
  Time since last request: 0.000022 seconds.
  path: Assets/Sprites (images)/BayatGames/Free Platform Game Assets/Tiles/2D Tiles ( Update 1.9 )/Winter/128x128/GrassJoinHillRight2&Left2.png
  artifactKey: Guid(f7fa516852944a14aabdaaa219c1bc39) Importer(815301076,1909f56bfc062723c751e8b465ee728b)
Start importing Assets/Sprites (images)/BayatGames/Free Platform Game Assets/Tiles/2D Tiles ( Update 1.9 )/Winter/128x128/GrassJoinHillRight2&Left2.png using Guid(f7fa516852944a14aabdaaa219c1bc39) Importer(815301076,1909f56bfc062723c751e8b465ee728b)  -> (artifact id: 'f4aa69e63b58f91881f8fcac74d10394') in 0.022096 seconds
Number of updated asset objects reloaded before import = 0
Number of asset objects unloaded after import = 3
========================================================================
Received Import Request.
  Time since last request: 0.000018 seconds.
  path: Assets/Sprites (images)/BayatGames/Free Platform Game Assets/Tiles/2D Tiles ( Update 1.9 )/Winter/128x128/GrassHillRight2.png
  artifactKey: Guid(16903d1469b7d7b4e98d5157f3ae929c) Importer(815301076,1909f56bfc062723c751e8b465ee728b)
Start importing Assets/Sprites (images)/BayatGames/Free Platform Game Assets/Tiles/2D Tiles ( Update 1.9 )/Winter/128x128/GrassHillRight2.png using Guid(16903d1469b7d7b4e98d5157f3ae929c) Importer(815301076,1909f56bfc062723c751e8b465ee728b)  -> (artifact id: 'b419581895a69bb5ebd55e41d8549d9d') in 0.026313 seconds
Number of updated asset objects reloaded before import = 0
Number of asset objects unloaded after import = 3
========================================================================
Received Import Request.
  Time since last request: 0.000032 seconds.
  path: Assets/Sprites (images)/BayatGames/Free Platform Game Assets/Tiles/2D Tiles ( Update 1.9 )/Winter/128x128/GrassHillRight2 DownShadow.png
  artifactKey: Guid(013df25da8c3a244f876e4a5ac199a74) Importer(815301076,1909f56bfc062723c751e8b465ee728b)
Start importing Assets/Sprites (images)/BayatGames/Free Platform Game Assets/Tiles/2D Tiles ( Update 1.9 )/Winter/128x128/GrassHillRight2 DownShadow.png using Guid(013df25da8c3a244f876e4a5ac199a74) Importer(815301076,1909f56bfc062723c751e8b465ee728b)  -> (artifact id: '4387b6cd6a249200015e01218c3999bf') in 0.023327 seconds
Number of updated asset objects reloaded before import = 0
Number of asset objects unloaded after import = 3
========================================================================
Received Import Request.
  Time since last request: 0.000018 seconds.
  path: Assets/Sprites (images)/BayatGames/Free Platform Game Assets/Tiles/2D Tiles ( Update 1.9 )/Winter/128x128/GrassJoinHillRight2.png
  artifactKey: Guid(0175dd202aba8a9418fed5103ad30a4e) Importer(815301076,1909f56bfc062723c751e8b465ee728b)
Start importing Assets/Sprites (images)/BayatGames/Free Platform Game Assets/Tiles/2D Tiles ( Update 1.9 )/Winter/128x128/GrassJoinHillRight2.png using Guid(0175dd202aba8a9418fed5103ad30a4e) Importer(815301076,1909f56bfc062723c751e8b465ee728b)  -> (artifact id: '1996c60fd223a872fd3278451a8fa665') in 0.018116 seconds
Number of updated asset objects reloaded before import = 0
Number of asset objects unloaded after import = 3
========================================================================
Received Import Request.
  Time since last request: 0.000022 seconds.
  path: Assets/Sprites (images)/BayatGames/Free Platform Game Assets/Tiles/2D Tiles ( Update 1.9 )/Winter/128x128/GrassMid.png
  artifactKey: Guid(fe0fe98834797cf4ca370bafb3405623) Importer(815301076,1909f56bfc062723c751e8b465ee728b)
Start importing Assets/Sprites (images)/BayatGames/Free Platform Game Assets/Tiles/2D Tiles ( Update 1.9 )/Winter/128x128/GrassMid.png using Guid(fe0fe98834797cf4ca370bafb3405623) Importer(815301076,1909f56bfc062723c751e8b465ee728b)  -> (artifact id: 'fce6aec2bbc984186abea7177721660b') in 0.018977 seconds
Number of updated asset objects reloaded before import = 0
Number of asset objects unloaded after import = 3
========================================================================
Received Import Request.
  Time since last request: 0.000016 seconds.
  path: Assets/Sprites (images)/BayatGames/Free Platform Game Assets/Tiles/2D Tiles ( Update 1.9 )/Winter/128x128/GrassCliffMid.png
  artifactKey: Guid(45264ae7e399698499de2f85497835e2) Importer(815301076,1909f56bfc062723c751e8b465ee728b)
Start importing Assets/Sprites (images)/BayatGames/Free Platform Game Assets/Tiles/2D Tiles ( Update 1.9 )/Winter/128x128/GrassCliffMid.png using Guid(45264ae7e399698499de2f85497835e2) Importer(815301076,1909f56bfc062723c751e8b465ee728b)  -> (artifact id: '95c2708310649433741963dd4d7b543d') in 0.019083 seconds
Number of updated asset objects reloaded before import = 0
Number of asset objects unloaded after import = 3
========================================================================
Received Import Request.
  Time since last request: 0.000024 seconds.
  path: Assets/Sprites (images)/BayatGames/Free Platform Game Assets/Tiles/2D Tiles ( Update 1.9 )/Winter/128x128/GrassColumn.png
  artifactKey: Guid(373e54a92a405164b88b39325f108fc3) Importer(815301076,1909f56bfc062723c751e8b465ee728b)
Start importing Assets/Sprites (images)/BayatGames/Free Platform Game Assets/Tiles/2D Tiles ( Update 1.9 )/Winter/128x128/GrassColumn.png using Guid(373e54a92a405164b88b39325f108fc3) Importer(815301076,1909f56bfc062723c751e8b465ee728b)  -> (artifact id: '667729097ef2eb3f68c467f9fa6e7e83') in 0.017236 seconds
Number of updated asset objects reloaded before import = 0
Number of asset objects unloaded after import = 3
========================================================================
Received Import Request.
  Time since last request: 16.302277 seconds.
  path: Assets/Sprites (images)/Pixel Adventure 1/Scenes
  artifactKey: Guid(dbc7f956d9ee8744ba00759404b21d27) Importer(815301076,1909f56bfc062723c751e8b465ee728b)
Start importing Assets/Sprites (images)/Pixel Adventure 1/Scenes using Guid(dbc7f956d9ee8744ba00759404b21d27) Importer(815301076,1909f56bfc062723c751e8b465ee728b)  -> (artifact id: '2f643c9a0a598e15af9c9ef6864c15a1') in 0.001080 seconds
Number of updated asset objects reloaded before import = 0
Number of asset objects unloaded after import = 0
========================================================================
Received Import Request.
  Time since last request: 4.028682 seconds.
  path: Assets/Sprites (images)/Pixel Adventure 1/Assets/Background/Blue.png
  artifactKey: Guid(8049ea91a9d5fca4dab4024c0915dbe6) Importer(815301076,1909f56bfc062723c751e8b465ee728b)
Start importing Assets/Sprites (images)/Pixel Adventure 1/Assets/Background/Blue.png using Guid(8049ea91a9d5fca4dab4024c0915dbe6) Importer(815301076,1909f56bfc062723c751e8b465ee728b)  -> (artifact id: '9770fb4a107abee60fee4c70f2371d68') in 0.024162 seconds
Number of updated asset objects reloaded before import = 0
Number of asset objects unloaded after import = 3
========================================================================
Received Import Request.
  Time since last request: 0.000029 seconds.
  path: Assets/Sprites (images)/Pixel Adventure 1/Assets/Background/Purple.png
  artifactKey: Guid(248611cc7bb8d85448933cee393ce41e) Importer(815301076,1909f56bfc062723c751e8b465ee728b)
Start importing Assets/Sprites (images)/Pixel Adventure 1/Assets/Background/Purple.png using Guid(248611cc7bb8d85448933cee393ce41e) Importer(815301076,1909f56bfc062723c751e8b465ee728b)  -> (artifact id: '3b1574006affce7d633e084c0475e554') in 0.019690 seconds
Number of updated asset objects reloaded before import = 0
Number of asset objects unloaded after import = 3
Editor requested this worker to shutdown with reason: Scaling down because of idle timeout
TcpMessagingSession - receive error: operation aborted. errorcode: 995, details: The I/O operation has been aborted because of either a thread exit or an application request.
AssetImportWorker is now disconnected from the server
Process exiting
Exiting without the bug reporter. Application will terminate with return code 0