Using pre-set license
Built from '2022.3/staging' branch; Version is '2022.3.28f1 (6bae5ce6b222) revision 7056988'; Using compiler version '192829333'; Build Type 'Release'
OS: 'Windows 11  (10.0.22631) 64bit Core' Language: 'en' Physical Memory: 16051 MB
BatchMode: 1, IsHumanControllingUs: 0, StartBugReporterOnCrash: 0, Is64bit: 1, IsPro: 1

COMMAND LINE ARGUMENTS:
C:\Program Files\Unity\Hub\Editor\2022.3.28f1\Editor\Unity.exe
-adb2
-batchMode
-noUpm
-name
AssetImportWorker8
-projectPath
C:/Users/jjwr2/OneDrive/Desktop/2d platformer
-logFile
Logs/AssetImportWorker8.log
-srvPort
55213
Successfully changed project path to: C:/Users/jjwr2/OneDrive/Desktop/2d platformer
C:/Users/jjwr2/OneDrive/Desktop/2d platformer
[UnityMemory] Configuration Parameters - Can be set up in boot.config
    "memorysetup-bucket-allocator-granularity=16"
    "memorysetup-bucket-allocator-bucket-count=8"
    "memorysetup-bucket-allocator-block-size=33554432"
    "memorysetup-bucket-allocator-block-count=8"
    "memorysetup-main-allocator-block-size=16777216"
    "memorysetup-thread-allocator-block-size=16777216"
    "memorysetup-gfx-main-allocator-block-size=16777216"
    "memorysetup-gfx-thread-allocator-block-size=16777216"
    "memorysetup-cache-allocator-block-size=4194304"
    "memorysetup-typetree-allocator-block-size=2097152"
    "memorysetup-profiler-bucket-allocator-granularity=16"
    "memorysetup-profiler-bucket-allocator-bucket-count=8"
    "memorysetup-profiler-bucket-allocator-block-size=33554432"
    "memorysetup-profiler-bucket-allocator-block-count=8"
    "memorysetup-profiler-allocator-block-size=16777216"
    "memorysetup-profiler-editor-allocator-block-size=1048576"
    "memorysetup-temp-allocator-size-main=16777216"
    "memorysetup-job-temp-allocator-block-size=2097152"
    "memorysetup-job-temp-allocator-block-size-background=1048576"
    "memorysetup-job-temp-allocator-reduction-small-platforms=262144"
    "memorysetup-allocator-temp-initial-block-size-main=262144"
    "memorysetup-allocator-temp-initial-block-size-worker=262144"
    "memorysetup-temp-allocator-size-background-worker=32768"
    "memorysetup-temp-allocator-size-job-worker=262144"
    "memorysetup-temp-allocator-size-preload-manager=33554432"
    "memorysetup-temp-allocator-size-nav-mesh-worker=65536"
    "memorysetup-temp-allocator-size-audio-worker=65536"
    "memorysetup-temp-allocator-size-cloud-worker=32768"
    "memorysetup-temp-allocator-size-gi-baking-worker=262144"
    "memorysetup-temp-allocator-size-gfx=262144"
Player connection [8004] Host "[IP] 192.168.1.7 [Port] 0 [Flags] 2 [Guid] 1471287774 [EditorId] 1471287774 [Version] 1048832 [Id] WindowsEditor(7,juzteen) [Debug] 1 [PackageName] WindowsEditor [ProjectName] Editor" joined multi-casting on [225.0.0.222:54997]...

Player connection [8004] Host "[IP] 192.168.1.7 [Port] 0 [Flags] 2 [Guid] 1471287774 [EditorId] 1471287774 [Version] 1048832 [Id] WindowsEditor(7,juzteen) [Debug] 1 [PackageName] WindowsEditor [ProjectName] Editor" joined alternative multi-casting on [225.0.0.222:34997]...

[Physics::Module] Initialized MultithreadedJobDispatcher with 19 workers.
Refreshing native plugins compatible for Editor in 21.51 ms, found 4 plugins.
Preloading 0 native plugins for Editor in 0.00 ms.
Initialize engine version: 2022.3.28f1 (6bae5ce6b222)
[Subsystems] Discovering subsystems at path C:/Program Files/Unity/Hub/Editor/2022.3.28f1/Editor/Data/Resources/UnitySubsystems
[Subsystems] Discovering subsystems at path C:/Users/jjwr2/OneDrive/Desktop/2d platformer/Assets
GfxDevice: creating device client; threaded=0; jobified=0
Direct3D:
    Version:  Direct3D 11.0 [level 11.1]
    Renderer: NVIDIA GeForce RTX 3060 Laptop GPU (ID=0x2520)
    Vendor:   NVIDIA
    VRAM:     6010 MB
    Driver:   31.0.15.4680
Initialize mono
Mono path[0] = 'C:/Program Files/Unity/Hub/Editor/2022.3.28f1/Editor/Data/Managed'
Mono path[1] = 'C:/Program Files/Unity/Hub/Editor/2022.3.28f1/Editor/Data/MonoBleedingEdge/lib/mono/unityjit-win32'
Mono config path = 'C:/Program Files/Unity/Hub/Editor/2022.3.28f1/Editor/Data/MonoBleedingEdge/etc'
Using monoOptions --debugger-agent=transport=dt_socket,embedding=1,server=y,suspend=n,address=127.0.0.1:56260
Begin MonoManager ReloadAssembly
Registering precompiled unity dll's ...
Register platform support module: C:/Program Files/Unity/Hub/Editor/2022.3.28f1/Editor/Data/PlaybackEngines/WebGLSupport/UnityEditor.WebGL.Extensions.dll
Register platform support module: C:/Program Files/Unity/Hub/Editor/2022.3.28f1/Editor/Data/PlaybackEngines/AndroidPlayer/UnityEditor.Android.Extensions.dll
Register platform support module: C:/Program Files/Unity/Hub/Editor/2022.3.28f1/Editor/Data/PlaybackEngines/iOSSupport/UnityEditor.iOS.Extensions.dll
Register platform support module: C:/Program Files/Unity/Hub/Editor/2022.3.28f1/Editor/Data/PlaybackEngines/WindowsStandaloneSupport/UnityEditor.WindowsStandalone.Extensions.dll
Registered in 0.015840 seconds.
- Loaded All Assemblies, in  0.332 seconds
Native extension for WindowsStandalone target not found
[usbmuxd] Start listen thread
[usbmuxd] Listen thread started
Native extension for iOS target not found
Native extension for Android target not found
Android Extension - Scanning For ADB Devices 329 ms
Native extension for WebGL target not found
Mono: successfully reloaded assembly
- Finished resetting the current domain, in  0.612 seconds
Domain Reload Profiling: 943ms
	BeginReloadAssembly (104ms)
		ExecutionOrderSort (0ms)
		DisableScriptedObjects (0ms)
		BackupInstance (0ms)
		ReleaseScriptingObjects (0ms)
		CreateAndSetChildDomain (1ms)
	RebuildCommonClasses (25ms)
	RebuildNativeTypeToScriptingClass (8ms)
	initialDomainReloadingComplete (60ms)
	LoadAllAssembliesAndSetupDomain (133ms)
		LoadAssemblies (103ms)
		RebuildTransferFunctionScriptingTraits (0ms)
		AnalyzeDomain (130ms)
			TypeCache.Refresh (129ms)
				TypeCache.ScanAssembly (119ms)
			ScanForSourceGeneratedMonoScriptInfo (0ms)
			ResolveRequiredComponents (0ms)
	FinalizeReload (613ms)
		ReleaseScriptCaches (0ms)
		RebuildScriptCaches (0ms)
		SetupLoadedEditorAssemblies (567ms)
			LogAssemblyErrors (0ms)
			InitializePlatformSupportModulesInManaged (442ms)
			SetLoadedEditorAssemblies (3ms)
			RefreshPlugins (0ms)
			BeforeProcessingInitializeOnLoad (2ms)
			ProcessInitializeOnLoadAttributes (82ms)
			ProcessInitializeOnLoadMethodAttributes (37ms)
			AfterProcessingInitializeOnLoad (0ms)
			EditorAssembliesLoaded (0ms)
		ExecutionOrderSort2 (0ms)
		AwakeInstancesAfterBackupRestoration (0ms)
========================================================================
Worker process is ready to serve import requests
Begin MonoManager ReloadAssembly
- Loaded All Assemblies, in  0.857 seconds
Refreshing native plugins compatible for Editor in 3.94 ms, found 4 plugins.
Native extension for WindowsStandalone target not found
Native extension for iOS target not found
Native extension for Android target not found
Native extension for WebGL target not found
Package Manager log level set to [2]
[Package Manager] Server::EnsureServerProcessIsRunning -- launch failed, reason: Unity was launched with the -noUpm command-line argument
[Package Manager] UpmClient::Send -- Unable to send message (not connected to UPM process).
[Package Manager] Cannot connect to Unity Package Manager local server
Mono: successfully reloaded assembly
- Finished resetting the current domain, in  0.600 seconds
Domain Reload Profiling: 1453ms
	BeginReloadAssembly (143ms)
		ExecutionOrderSort (0ms)
		DisableScriptedObjects (4ms)
		BackupInstance (0ms)
		ReleaseScriptingObjects (0ms)
		CreateAndSetChildDomain (18ms)
	RebuildCommonClasses (31ms)
	RebuildNativeTypeToScriptingClass (8ms)
	initialDomainReloadingComplete (36ms)
	LoadAllAssembliesAndSetupDomain (635ms)
		LoadAssemblies (520ms)
		RebuildTransferFunctionScriptingTraits (0ms)
		AnalyzeDomain (207ms)
			TypeCache.Refresh (174ms)
				TypeCache.ScanAssembly (154ms)
			ScanForSourceGeneratedMonoScriptInfo (24ms)
			ResolveRequiredComponents (8ms)
	FinalizeReload (601ms)
		ReleaseScriptCaches (0ms)
		RebuildScriptCaches (0ms)
		SetupLoadedEditorAssemblies (453ms)
			LogAssemblyErrors (0ms)
			InitializePlatformSupportModulesInManaged (35ms)
			SetLoadedEditorAssemblies (4ms)
			RefreshPlugins (0ms)
			BeforeProcessingInitializeOnLoad (74ms)
			ProcessInitializeOnLoadAttributes (264ms)
			ProcessInitializeOnLoadMethodAttributes (71ms)
			AfterProcessingInitializeOnLoad (5ms)
			EditorAssembliesLoaded (0ms)
		ExecutionOrderSort2 (0ms)
		AwakeInstancesAfterBackupRestoration (5ms)
Launched and connected shader compiler UnityShaderCompiler.exe after 0.06 seconds
Refreshing native plugins compatible for Editor in 4.44 ms, found 4 plugins.
Preloading 0 native plugins for Editor in 0.00 ms.
Unloading 5615 Unused Serialized files (Serialized files now loaded: 0)
Unloading 106 unused Assets / (1.3 MB). Loaded Objects now: 6060.
Memory consumption went from 283.8 MB to 282.5 MB.
Total: 3.537400 ms (FindLiveObjects: 0.299700 ms CreateObjectMapping: 0.187200 ms MarkObjects: 2.579200 ms  DeleteObjects: 0.470500 ms)

AssetImportParameters requested are different than current active one (requested -> active):
  custom:container-demuxer-ogg: 62fdf1f143b41e24485cea50d1cbac27 -> 
  custom:video-codec-MediaFoundation-h265: 746d11721c4dcdbdad8f713fa42b33f4 -> 
  custom:video-decoder-ogg-theora: a1e56fd34408186e4bbccfd4996cb3dc -> 
  custom:framework-win-MediaFoundation: 216162199b28c13a410421893ffa2e32 -> 
  custom:CustomObjectIndexerAttribute: 72b91833f83ae208fae7752999fa3104 -> 
  custom:container-demuxer-webm: 4f35f7cbe854078d1ac9338744f61a02 -> 
  custom:container-muxer-webm: aa71ff27fc2769a1b78a27578f13a17b -> 
  custom:video-decoder-webm-vp8: 9c59270c3fd7afecdb556c50c9e8de78 -> 
  custom:SearchIndexIgnoredProperties: e643bd26f0fe6173181afceb89e7c659 -> 
  custom:AudioImporter_EditorPlatform: d09bf68614088b80899f8185d706f6e7 -> 
  custom:video-encoder-webm-vp8: eb34c28f22e8b96e1ab97ce403110664 -> 
  custom:audio-decoder-ogg-vorbis: bf7c407c2cedff20999df2af8eb42d56 -> 
  custom:audio-encoder-webm-vorbis: bf7c407c2cedff20999df2af8eb42d56 -> 
========================================================================
Received Import Request.
  Time since last request: 228255.313656 seconds.
  path: Assets/Sprites (images)/BayatGames/Free Platform Game Assets/Coin Animation/png/2048x256.png
  artifactKey: Guid(9ccd8d5de8d5bbd4b827fb2881e498f1) Importer(815301076,1909f56bfc062723c751e8b465ee728b)
Start importing Assets/Sprites (images)/BayatGames/Free Platform Game Assets/Coin Animation/png/2048x256.png using Guid(9ccd8d5de8d5bbd4b827fb2881e498f1) Importer(815301076,1909f56bfc062723c751e8b465ee728b)  -> (artifact id: 'aee6fef387d3b7667800675978e480ca') in 0.077026 seconds
Number of updated asset objects reloaded before import = 0
Number of asset objects unloaded after import = 3
========================================================================
Received Import Request.
  Time since last request: 3.830279 seconds.
  path: Assets/Sprites (images)/BayatGames/Free Platform Game Assets/Coin Animation/png/2x/image 1.png
  artifactKey: Guid(284a590648cd2624cbd085c4f1627465) Importer(815301076,1909f56bfc062723c751e8b465ee728b)
Start importing Assets/Sprites (images)/BayatGames/Free Platform Game Assets/Coin Animation/png/2x/image 1.png using Guid(284a590648cd2624cbd085c4f1627465) Importer(815301076,1909f56bfc062723c751e8b465ee728b)  -> (artifact id: 'c27b564cf91fdd49496e519f14afae7e') in 0.022233 seconds
Number of updated asset objects reloaded before import = 0
Number of asset objects unloaded after import = 3
========================================================================
Received Import Request.
  Time since last request: 0.002602 seconds.
  path: Assets/Sprites (images)/BayatGames/Free Platform Game Assets/Coin Animation/png/2x/image 6.png
  artifactKey: Guid(c925826c0552cf549a3f1123cae8db5b) Importer(815301076,1909f56bfc062723c751e8b465ee728b)
Start importing Assets/Sprites (images)/BayatGames/Free Platform Game Assets/Coin Animation/png/2x/image 6.png using Guid(c925826c0552cf549a3f1123cae8db5b) Importer(815301076,1909f56bfc062723c751e8b465ee728b)  -> (artifact id: '65dacc6a71855be120edd68ec176a8c6') in 0.030358 seconds
Number of updated asset objects reloaded before import = 0
Number of asset objects unloaded after import = 3
========================================================================
Received Import Request.
  Time since last request: 0.000124 seconds.
  path: Assets/Sprites (images)/BayatGames/Free Platform Game Assets/Coin Animation/png/2x/image 4.png
  artifactKey: Guid(829702d123e43a54c80bc02a11288a82) Importer(815301076,1909f56bfc062723c751e8b465ee728b)
Start importing Assets/Sprites (images)/BayatGames/Free Platform Game Assets/Coin Animation/png/2x/image 4.png using Guid(829702d123e43a54c80bc02a11288a82) Importer(815301076,1909f56bfc062723c751e8b465ee728b)  -> (artifact id: '55a18b35ff08c26e8de9c3409115590d') in 0.032800 seconds
Number of updated asset objects reloaded before import = 0
Number of asset objects unloaded after import = 3
========================================================================
Received Import Request.
  Time since last request: 0.000022 seconds.
  path: Assets/Sprites (images)/BayatGames/Free Platform Game Assets/Coin Animation/png/2x/image 8.png
  artifactKey: Guid(39bf764a4d5181d4ea6477506162098e) Importer(815301076,1909f56bfc062723c751e8b465ee728b)
Start importing Assets/Sprites (images)/BayatGames/Free Platform Game Assets/Coin Animation/png/2x/image 8.png using Guid(39bf764a4d5181d4ea6477506162098e) Importer(815301076,1909f56bfc062723c751e8b465ee728b)  -> (artifact id: '7f3733354e68019daf4dfeeb5b6029b9') in 0.024888 seconds
Number of updated asset objects reloaded before import = 0
Number of asset objects unloaded after import = 3
========================================================================
Received Import Request.
  Time since last request: 0.000052 seconds.
  path: Assets/Sprites (images)/BayatGames/Free Platform Game Assets/Coin Animation/png/2x/image 3.png
  artifactKey: Guid(01f2715068a32f44a99ba474fbf74cdf) Importer(815301076,1909f56bfc062723c751e8b465ee728b)
Start importing Assets/Sprites (images)/BayatGames/Free Platform Game Assets/Coin Animation/png/2x/image 3.png using Guid(01f2715068a32f44a99ba474fbf74cdf) Importer(815301076,1909f56bfc062723c751e8b465ee728b)  -> (artifact id: '887bef102d8846779a34a5f7d8832b20') in 0.024590 seconds
Number of updated asset objects reloaded before import = 0
Number of asset objects unloaded after import = 3
========================================================================
Received Import Request.
  Time since last request: 0.000024 seconds.
  path: Assets/Sprites (images)/BayatGames/Free Platform Game Assets/Coin Animation/png/2x/image 12.png
  artifactKey: Guid(6ffad87630735e04d83408305dcc75b5) Importer(815301076,1909f56bfc062723c751e8b465ee728b)
Start importing Assets/Sprites (images)/BayatGames/Free Platform Game Assets/Coin Animation/png/2x/image 12.png using Guid(6ffad87630735e04d83408305dcc75b5) Importer(815301076,1909f56bfc062723c751e8b465ee728b)  -> (artifact id: 'b558f7952d7f82640808bc80e75642b9') in 0.024492 seconds
Number of updated asset objects reloaded before import = 0
Number of asset objects unloaded after import = 3
========================================================================
Received Import Request.
  Time since last request: 0.000018 seconds.
  path: Assets/Sprites (images)/BayatGames/Free Platform Game Assets/Coin Animation/png/2x/image 9.png
  artifactKey: Guid(3071611f52f355941ae108e3822562d3) Importer(815301076,1909f56bfc062723c751e8b465ee728b)
Start importing Assets/Sprites (images)/BayatGames/Free Platform Game Assets/Coin Animation/png/2x/image 9.png using Guid(3071611f52f355941ae108e3822562d3) Importer(815301076,1909f56bfc062723c751e8b465ee728b)  -> (artifact id: '2204771534dc5decf68ce73f59cb2b60') in 0.021100 seconds
Number of updated asset objects reloaded before import = 0
Number of asset objects unloaded after import = 3
========================================================================
Received Import Request.
  Time since last request: 0.000022 seconds.
  path: Assets/Sprites (images)/BayatGames/Free Platform Game Assets/Coin Animation/png/2x/image 14.png
  artifactKey: Guid(7471dc94b1670e54b8f926859686caa1) Importer(815301076,1909f56bfc062723c751e8b465ee728b)
Start importing Assets/Sprites (images)/BayatGames/Free Platform Game Assets/Coin Animation/png/2x/image 14.png using Guid(7471dc94b1670e54b8f926859686caa1) Importer(815301076,1909f56bfc062723c751e8b465ee728b)  -> (artifact id: '40075b4d7dcf30b2665576026c1aa748') in 0.023239 seconds
Number of updated asset objects reloaded before import = 0
Number of asset objects unloaded after import = 3
========================================================================
Received Import Request.
  Time since last request: 0.000029 seconds.
  path: Assets/Sprites (images)/BayatGames/Free Platform Game Assets/Coin Animation/png/2x/image 15.png
  artifactKey: Guid(27f6b32c91a50ae4088361bfd738dd14) Importer(815301076,1909f56bfc062723c751e8b465ee728b)
Start importing Assets/Sprites (images)/BayatGames/Free Platform Game Assets/Coin Animation/png/2x/image 15.png using Guid(27f6b32c91a50ae4088361bfd738dd14) Importer(815301076,1909f56bfc062723c751e8b465ee728b)  -> (artifact id: '02b977785cfc6889705cfaf34fe3f401') in 0.024554 seconds
Number of updated asset objects reloaded before import = 0
Number of asset objects unloaded after import = 3
Editor requested this worker to shutdown with reason: Scaling down because of idle timeout
TcpMessagingSession - receive error: operation aborted. errorcode: 995, details: The I/O operation has been aborted because of either a thread exit or an application request.
AssetImportWorker is now disconnected from the server
Process exiting
Exiting without the bug reporter. Application will terminate with return code 0